[WARN] 2021-10-01 14:04:33,299 Java sorter app logger exceptionLog User did not enter an int
[WARN] 2021-10-01 14:08:10,210 Java sorter app logger exceptionLog  User did not enter an int: USER INPUT: For input string: "hh"
[WARN] 2021-10-01 14:14:01,907 Java sorter app logger exceptionLog  User did not enter an int: USER INPUT: For input string: "hh"
[WARN] 2021-10-01 14:35:55,810 Java sorter app logger exceptionLog  User did not enter an int: USER INPUT: [490, 698, 739, 664, 36, 218]
[WARN] 2021-10-01 14:57:53,239 Java sorter app logger exceptionLog  User did not enter an int: USER INPUT: [365, 268, 680, 355, 34]
[WARN] 2021-10-01 14:58:06,182 Java sorter app logger exceptionLog  User did not enter an int: USER INPUT: [220, 478, 291, 322, 500, 193]
[WARN] 2021-10-01 14:59:00,279 Java sorter app logger exceptionLog  User did not enter an int: USER INPUT: [605, 839, 681, 469, 168]
[WARN] 2021-10-01 15:49:04,261 Java sorter app logger exceptionLog  User did not enter an int: USER INPUT: [73, 629, 472, 839]
[WARN] 2021-10-01 15:50:14,937 Java sorter app logger exceptionLog  User did not enter an int: USER INPUT: [458, 321, 311, 322, 439, 668, 135]
[WARN] 2021-10-01 15:50:52,963 Java sorter app logger exceptionLog  User did not enter an int: USER INPUT: [715, 38, 24, 591, 819]
[WARN] 2021-10-01 15:51:41,134 Java sorter app logger exceptionLog  User did not enter an int: USER INPUT: [898, 382, 651, 423, 767]
[WARN] 2021-10-01 15:54:49,560 Java sorter app logger exceptionLog  User did not enter an int: USER INPUT: [159, 478, 585, 40, 648]
[WARN] 2021-10-01 15:55:53,642 Java sorter app logger exceptionLog  User did not enter an int: USER INPUT: [375, 101, 12, 600, 776, 793]
[WARN] 2021-10-01 15:58:04,932 Java sorter app logger exceptionLog  User did not enter an int: USER INPUT: For input string: "hh"
[WARN] 2021-10-01 15:59:30,760 Java sorter app logger arrayLog user created an array [808, 49, 512, 14, 902]
[WARN] 2021-10-01 15:59:30,767 Java sorter app logger timeLog time taken for sort 1.2569863 seconds
[WARN] 2021-10-01 16:08:19,507 Java sorter app logger arrayLog user created an array [186, 955, 756, 111, 253]
[WARN] 2021-10-01 16:08:19,514 Java sorter app logger timeLog time taken for sort 1.6963737 seconds
[WARN] 2021-10-01 16:08:44,329 Java sorter app logger arrayLog user created an array [306, 508, 480, 341, 9]
[WARN] 2021-10-01 16:08:44,336 Java sorter app logger timeLog time taken for sort 0.9514859 seconds
[WARN] 2021-10-01 16:12:02,983 Java sorter app logger arrayLog user created an array [654, 882, 970, 694, 986]
[WARN] 2021-10-01 16:12:02,990 Java sorter app logger timeLog time taken for sort 1.1531264 seconds
[WARN] 2021-10-01 16:12:21,856 Java sorter app logger arrayLog user created an array [539, 399, 876, 722, 658, 41]
[WARN] 2021-10-01 16:12:21,863 Java sorter app logger timeLog time taken for sort 1.5397245 seconds
